Arguments: 
  /Users/victoriris/.nvm/versions/node/v14.15.3/bin/node /usr/local/Cellar/yarn/1.22.10/libexec/bin/yarn.js

PATH: 
  /Users/victoriris/.nvm/versions/node/v14.15.3/bin:/usr/local/bin:/usr/bin:/bin:/usr/sbin:/sbin:/Library/Apple/usr/bin

Yarn version: 
  1.22.10

Node version: 
  14.15.3

Platform: 
  darwin x64

Trace: 
  Error: https://registry.yarnpkg.com/react-router-dom: ESOCKETTIMEDOUT
      at ClientRequest.<anonymous> (/usr/local/Cellar/yarn/1.22.10/libexec/lib/cli.js:141376:19)
      at Object.onceWrapper (events.js:421:28)
      at ClientRequest.emit (events.js:315:20)
      at TLSSocket.emitRequestTimeout (_http_client.js:784:9)
      at Object.onceWrapper (events.js:421:28)
      at TLSSocket.emit (events.js:327:22)
      at TLSSocket.Socket._onTimeout (net.js:483:8)
      at listOnTimeout (internal/timers.js:554:17)
      at processTimers (internal/timers.js:497:7)

npm manifest: 
  {
    "name": "container",
    "version": "1.0.0",
    "scripts": {
      "test": "echo \"Error: no test specified\" && exit 1"
    },
    "dependencies": {
      "@material-ui/core": "^4.11.0",
      "@material-ui/icons": "^4.9.1",
      "react": "^17.0.1",
      "react-dom": "^17.0.1",
      "react-router-dom": "^5.2.0"
    },
    "devDependencies": {
      "@babel/core": "^7.12.3",
      "@babel/plugin-transform-runtime": "^7.12.1",
      "@babel/preset-env": "^7.12.1",
      "@babel/preset-react": "^7.12.1",
      "babel-loader": "^8.1.0",
      "clean-webpack-plugin": "^3.0.0",
      "css-loader": "^5.0.0",
      "html-webpack-plugin": "^4.5.0",
      "style-loader": "^2.0.0",
      "webpack": "^5.4.0",
      "webpack-cli": "^4.1.0",
      "webpack-dev-server": "^3.11.0",
      "webpack-merge": "^5.2.0"
    }
  }

yarn manifest: 
  No manifest

Lockfile: 
  No lockfile
